\BOOKMARK [0][-]{chapter*.3}{List of Figures}{}% 1
\BOOKMARK [0][-]{chapter*.4}{List of Tables}{}% 2
\BOOKMARK [0][-]{chapter.1}{1 Introduction}{}% 3
\BOOKMARK [1][-]{section.1.1}{1.1 Motivation}{chapter.1}% 4
\BOOKMARK [1][-]{section.1.2}{1.2 Problem}{chapter.1}% 5
\BOOKMARK [1][-]{section.1.3}{1.3 Goals of Thesis}{chapter.1}% 6
\BOOKMARK [1][-]{section.1.4}{1.4 Drawbacks}{chapter.1}% 7
\BOOKMARK [1][-]{section.1.5}{1.5 Approach}{chapter.1}% 8
\BOOKMARK [1][-]{section.1.6}{1.6 Outline}{chapter.1}% 9
\BOOKMARK [0][-]{chapter.2}{2 Background and Related Work}{}% 10
\BOOKMARK [1][-]{section.2.1}{2.1 Basic Concepts}{chapter.2}% 11
\BOOKMARK [2][-]{subsection.2.1.1}{2.1.1 Tile}{section.2.1}% 12
\BOOKMARK [1][-]{section.2.2}{2.2 Related Work}{chapter.2}% 13
\BOOKMARK [2][-]{subsection.2.2.1}{2.2.1 Data Placement/Migration on Caches}{section.2.2}% 14
\BOOKMARK [2][-]{subsection.2.2.2}{2.2.2 Task/Thread Placement}{section.2.2}% 15
\BOOKMARK [2][-]{subsection.2.2.3}{2.2.3 Data and Thread Migration}{section.2.2}% 16
\BOOKMARK [2][-]{subsection.2.2.4}{2.2.4 Data Placement on TLM}{section.2.2}% 17
\BOOKMARK [0][-]{chapter.3}{3 System Architecture}{}% 18
\BOOKMARK [1][-]{section.3.1}{3.1 Types of Accesses to TLM}{chapter.3}% 19
\BOOKMARK [2][-]{subsection.3.1.1}{3.1.1 Local TLM Accesses}{section.3.1}% 20
\BOOKMARK [2][-]{subsection.3.1.2}{3.1.2 Remote TLM Accesses}{section.3.1}% 21
\BOOKMARK [1][-]{section.3.2}{3.2 xxx}{chapter.3}% 22
\BOOKMARK [1][-]{section.3.3}{3.3 Modules Directly Used in the System for Implementing Thesis}{chapter.3}% 23
\BOOKMARK [2][-]{subsection.3.3.1}{3.3.1 Trace File}{section.3.3}% 24
\BOOKMARK [2][-]{subsection.3.3.2}{3.3.2 Vector Address Table}{section.3.3}% 25
\BOOKMARK [2][-]{subsection.3.3.3}{3.3.3 Cache Stats Module}{section.3.3}% 26
\BOOKMARK [2][-]{subsection.3.3.4}{3.3.4 TLM Mem Module}{section.3.3}% 27
\BOOKMARK [2][-]{subsection.3.3.5}{3.3.5 Central Stats Module}{section.3.3}% 28
\BOOKMARK [1][-]{section.3.4}{3.4 Overview/System Design}{chapter.3}% 29
\BOOKMARK [0][-]{chapter.4}{4 Implementation}{}% 30
\BOOKMARK [1][-]{section.4.1}{4.1 Tools and Technologies}{chapter.4}% 31
\BOOKMARK [1][-]{section.4.2}{4.2 Concept}{chapter.4}% 32
\BOOKMARK [1][-]{section.4.3}{4.3 Limitations}{chapter.4}% 33
\BOOKMARK [0][-]{chapter.5}{5 Experimental Setup}{}% 34
\BOOKMARK [1][-]{section.5.1}{5.1 Trace File}{chapter.5}% 35
\BOOKMARK [1][-]{section.5.2}{5.2 Script Runner}{chapter.5}% 36
\BOOKMARK [1][-]{section.5.3}{5.3 System Specifications}{chapter.5}% 37
\BOOKMARK [0][-]{chapter.6}{6 Evaluation}{}% 38
\BOOKMARK [0][-]{chapter.7}{7 Conclusion and Outlook}{}% 39
\BOOKMARK [0][-]{chapter*.10}{Bibliography}{}% 40
